<?xml version="1.0" encoding="UTF-8"?>
<!-- Generated by org.testng.reporters.JUnitReportReporter -->
<testsuite hostname="DESKTOP-VJJR4FR" failures="0" tests="1" name="testScript.ManageCategoryTest" time="4.993" errors="0" timestamp="2025-05-10T20:17:09 IST" skipped="0">
  <testcase classname="testScript.ManageCategoryTest" name="verifyIfUserIsAbleToAddCategory" time="4.993"/>
</testsuite> <!-- testScript.ManageCategoryTest -->
