<?xml version="1.0" encoding="UTF-8"?>
<!-- Generated by org.testng.reporters.JUnitReportReporter -->
<testsuite hostname="DESKTOP-VJJR4FR" failures="0" tests="1" name="testScript.LogOutTest" time="3.599" errors="0" timestamp="2025-04-26T10:41:31 IST" skipped="0">
  <testcase classname="testScript.LogOutTest" name="verifyIfUserAbleToLogOut" time="3.599"/>
</testsuite> <!-- testScript.LogOutTest -->
