<?xml version="1.0" encoding="UTF-8"?>
<!-- Generated by org.testng.reporters.JUnitReportReporter -->
<testsuite hostname="DESKTOP-VJJR4FR" failures="0" tests="1" name="testScript.ManageNewsTest" time="3.655" errors="0" timestamp="2025-05-02T20:44:33 IST" skipped="0">
  <testcase classname="testScript.ManageNewsTest" name="verifyIfUserIsAbleToSaveNews" time="3.655"/>
</testsuite> <!-- testScript.ManageNewsTest -->
