<?xml version="1.0" encoding="UTF-8"?>
<!-- Generated by org.testng.reporters.JUnitReportReporter -->
<testsuite hostname="DESKTOP-VJJR4FR" failures="0" tests="1" name="testScript.SubCategoryTest" time="7.057" errors="0" timestamp="2025-04-28T10:01:56 IST" skipped="0">
  <testcase classname="testScript.SubCategoryTest" name="verifyIfUserIsAbleToAddSubCategoryDetails" time="7.057"/>
</testsuite> <!-- testScript.SubCategoryTest -->
