<?xml version="1.0" encoding="UTF-8"?>
<!-- Generated by org.testng.reporters.JUnitReportReporter -->
<testsuite hostname="DESKTOP-VJJR4FR" failures="0" tests="1" name="testScript.ManageContactTest" time="8.360" errors="0" timestamp="2025-04-28T20:30:04 IST" skipped="0">
  <testcase classname="testScript.ManageContactTest" name="verifyIfUserAbleToUpdateManageContactDetails" time="8.360"/>
</testsuite> <!-- testScript.ManageContactTest -->
