<?xml version="1.0" encoding="UTF-8"?>
<!-- Generated by org.testng.reporters.JUnitReportReporter -->
<testsuite hostname="DESKTOP-VJJR4FR" failures="0" tests="1" name="testScript.AdminUsersTest" time="4.958" errors="0" timestamp="2025-04-28T22:39:03 IST" skipped="0">
  <testcase classname="testScript.AdminUsersTest" name="verifyIfUserIsAbleToSaveUserDetails" time="4.958"/>
</testsuite> <!-- testScript.AdminUsersTest -->
