<?xml version="1.0" encoding="UTF-8"?>
<!-- Generated by org.testng.reporters.JUnitReportReporter -->
<testsuite hostname="DESKTOP-VJJR4FR" failures="0" tests="1" name="testScript.ManageFooterTest" time="4.926" errors="0" timestamp="2025-04-27T22:41:39 IST" skipped="0">
  <testcase classname="testScript.ManageFooterTest" name="verifyIfUserAbleToUpdateFooterDetails" time="4.926"/>
</testsuite> <!-- testScript.ManageFooterTest -->
