<?xml version="1.0" encoding="UTF-8"?>
<!-- Generated by org.testng.reporters.JUnitReportReporter -->
<testsuite hostname="DESKTOP-VJJR4FR" failures="0" tests="1" name="testScript.ManageCategoryTest" time="5.208" errors="0" timestamp="2025-04-27T22:33:44 IST" skipped="0">
  <testcase classname="testScript.ManageCategoryTest" name="verifyIfUserIsAbleToAddCategory" time="5.208"/>
</testsuite> <!-- testScript.ManageCategoryTest -->
