<?xml version="1.0" encoding="UTF-8"?>
<!-- Generated by org.testng.reporters.JUnitReportReporter -->
<testsuite hostname="DESKTOP-VJJR4FR" failures="0" tests="1" name="testScript.AdminUsersTest" time="3.869" errors="0" timestamp="2025-05-06T18:34:18 IST" skipped="0">
  <testcase classname="testScript.AdminUsersTest" name="verifyIfUserIsAbleToSaveUserDetails" time="3.869"/>
</testsuite> <!-- testScript.AdminUsersTest -->
