<?xml version="1.0" encoding="UTF-8"?>
<!-- Generated by org.testng.reporters.JUnitReportReporter -->
<testsuite hostname="DESKTOP-VJJR4FR" failures="0" tests="1" name="testScript.LoginTest" time="3.499" errors="0" timestamp="2025-05-10T22:11:00 IST" skipped="0">
  <testcase classname="testScript.LoginTest" name="verifyTheUserIsAbleToLoginUsingCorrectUsernameWrongPassword" time="3.499"/>
</testsuite> <!-- testScript.LoginTest -->
