<?xml version="1.0" encoding="UTF-8"?>
<!-- Generated by org.testng.reporters.JUnitReportReporter -->
<testsuite hostname="DESKTOP-VJJR4FR" failures="0" tests="1" name="testScript.LogOutTest" time="3.014" errors="0" timestamp="2025-05-06T19:08:57 IST" skipped="0">
  <testcase classname="testScript.LogOutTest" name="verifyIfUserAbleToLogOut" time="3.014"/>
</testsuite> <!-- testScript.LogOutTest -->
