<?xml version="1.0" encoding="UTF-8"?>
<!-- Generated by org.testng.reporters.JUnitReportReporter -->
<testsuite hostname="DESKTOP-VJJR4FR" failures="0" tests="1" name="testScript.ManageNewsTest" time="4.331" errors="0" timestamp="2025-05-10T20:20:50 IST" skipped="0">
  <testcase classname="testScript.ManageNewsTest" name="verifyIfUserIsAbleToSaveNews" time="4.331"/>
</testsuite> <!-- testScript.ManageNewsTest -->
