<?xml version="1.0" encoding="UTF-8"?>
<!-- Generated by org.testng.reporters.JUnitReportReporter -->
<testsuite hostname="DESKTOP-VJJR4FR" failures="0" tests="1" name="testScript.ManageContactTest" time="5.064" errors="0" timestamp="2025-05-10T20:18:25 IST" skipped="0">
  <testcase classname="testScript.ManageContactTest" name="verifyIfUserAbleToUpdateManageContactDetails" time="5.064"/>
</testsuite> <!-- testScript.ManageContactTest -->
