<?xml version="1.0" encoding="UTF-8"?>
<!-- Generated by org.testng.reporters.JUnitReportReporter -->
<testsuite hostname="DESKTOP-VJJR4FR" failures="0" tests="1" name="testScript.ManageNewsTest" time="4.903" errors="0" timestamp="2025-04-25T22:31:19 IST" skipped="0">
  <testcase classname="testScript.ManageNewsTest" name="verifyIfUserIsAbleToSaveNews" time="4.903"/>
</testsuite> <!-- testScript.ManageNewsTest -->
